TN:
SF:src/app.ts
FN:19,(anonymous_7)
FN:34,(anonymous_8)
FN:24,(anonymous_9)
FNF:3
FNH:3
FNDA:1,(anonymous_7)
FNDA:1,(anonymous_8)
FNDA:1,(anonymous_9)
DA:1,1
DA:2,1
DA:4,1
DA:5,1
DA:6,1
DA:7,1
DA:8,1
DA:9,1
DA:10,1
DA:12,1
DA:17,1
DA:20,1
DA:21,1
DA:22,1
DA:23,1
DA:24,1
DA:25,1
DA:27,1
DA:34,1
DA:35,1
DA:36,1
DA:37,1
DA:38,1
DA:39,1
DA:43,1
LF:25
LH:25
BRF:0
BRH:0
end_of_record
TN:
SF:src/modules/dummy/controller/dummy.controller.ts
FN:5,(anonymous_8)
FN:6,(anonymous_9)
FN:6,(anonymous_10)
FNF:3
FNH:1
FNDA:1,(anonymous_8)
FNDA:0,(anonymous_9)
FNDA:0,(anonymous_10)
DA:2,1
DA:3,1
DA:6,1
DA:7,0
DA:8,0
DA:11,1
LF:6
LH:4
BRDA:8,0,0,0
BRDA:8,0,1,0
BRF:2
BRH:0
end_of_record
TN:
SF:src/modules/dummy/entity/dummy.model.ts
FNF:0
FNH:0
DA:1,1
DA:4,1
DA:11,1
LF:3
LH:3
BRF:0
BRH:0
end_of_record
TN:
SF:src/modules/dummy/route/dummy.route.ts
FN:3,(anonymous_1)
FN:6,(anonymous_2)
FNF:2
FNH:2
FNDA:1,(anonymous_1)
FNDA:1,(anonymous_2)
DA:1,1
DA:4,1
DA:6,1
DA:7,1
DA:10,1
LF:5
LH:5
BRF:0
BRH:0
end_of_record
TN:
SF:src/modules/dummy/service/dummy.service.ts
FN:5,(anonymous_8)
FNF:1
FNH:0
FNDA:0,(anonymous_8)
DA:2,1
DA:6,0
DA:7,0
DA:9,0
DA:13,1
LF:5
LH:2
BRF:0
BRH:0
end_of_record
TN:
SF:src/utils/responseHandler.ts
FN:5,(anonymous_0)
FN:14,(anonymous_1)
FN:24,(anonymous_2)
FN:34,(anonymous_3)
FNF:4
FNH:0
FNDA:0,(anonymous_0)
FNDA:0,(anonymous_1)
FNDA:0,(anonymous_2)
FNDA:0,(anonymous_3)
DA:4,1
DA:11,0
DA:21,0
DA:31,0
DA:35,0
LF:5
LH:1
BRDA:9,0,0,0
BRDA:28,1,0,0
BRF:2
BRH:0
end_of_record
TN:
SF:src/utils/status-codes/http-status-codes.ts
FNF:0
FNH:0
DA:1,1
DA:2,1
DA:3,1
DA:4,1
DA:5,1
DA:6,1
DA:7,1
DA:8,1
LF:8
LH:8
BRF:0
BRH:0
end_of_record
