TN:
SF:src/bin/app.ts
FN:21,(anonymous_7)
FN:36,(anonymous_8)
FNF:2
FNH:2
FNDA:1,(anonymous_7)
FNDA:1,(anonymous_8)
DA:1,1
DA:2,1
DA:3,1
DA:4,1
DA:5,1
DA:6,1
DA:7,1
DA:8,1
DA:9,1
DA:10,1
DA:11,1
DA:12,1
DA:14,1
DA:19,1
DA:22,1
DA:23,1
DA:24,1
DA:25,1
DA:26,1
DA:27,1
DA:32,1
DA:33,1
DA:36,1
DA:37,1
DA:38,1
DA:39,1
DA:40,1
DA:41,1
DA:45,1
LF:29
LH:29
BRF:0
BRH:0
end_of_record
TN:
SF:src/config/env.ts
FNF:0
FNH:0
DA:1,1
LF:1
LH:1
BRF:0
BRH:0
end_of_record
TN:
SF:src/config/logger.ts
FN:27,(anonymous_1)
FN:32,(anonymous_2)
FN:84,(anonymous_3)
FNF:3
FNH:3
FNDA:1,(anonymous_1)
FNDA:1,(anonymous_2)
FNDA:1,(anonymous_3)
DA:1,1
DA:2,1
DA:16,1
DA:17,1
DA:18,1
DA:27,1
DA:28,1
DA:32,1
DA:33,1
DA:35,1
DA:45,1
DA:85,1
DA:92,1
DA:93,1
DA:94,1
DA:101,1
LF:16
LH:16
BRDA:33,0,0,0
BRDA:33,0,1,1
BRDA:50,1,0,0
BRDA:50,1,1,1
BRDA:86,2,0,1
BRDA:86,2,1,0
BRDA:93,3,0,1
BRDA:93,3,1,0
BRF:8
BRH:4
end_of_record
TN:
SF:src/config/secrets.ts
FN:9,throwIfUndefined
FNF:1
FNH:1
FNDA:3,throwIfUndefined
DA:1,1
DA:2,1
DA:3,1
DA:5,1
DA:6,1
DA:7,1
DA:10,3
DA:11,0
DA:12,0
DA:14,3
DA:16,1
DA:18,1
DA:19,1
LF:13
LH:11
BRDA:5,0,0,1
BRDA:5,0,1,0
BRDA:10,1,0,0
BRDA:10,1,1,3
BRF:4
BRH:2
end_of_record
TN:
SF:src/config/database/database.ts
FN:5,connectToDb
FN:14,disconnectFromDB
FNF:2
FNH:1
FNDA:1,connectToDb
FNDA:0,disconnectFromDB
DA:1,1
DA:2,1
DA:4,1
DA:6,1
DA:12,1
DA:15,0
DA:17,1
LF:7
LH:6
BRF:0
BRH:0
end_of_record
TN:
SF:src/middleware/app.validation.ts
FN:6,(anonymous_8)
FNF:1
FNH:0
FNDA:0,(anonymous_8)
DA:2,1
DA:3,1
DA:5,1
DA:12,0
DA:13,0
DA:14,0
DA:16,0
DA:25,1
LF:8
LH:4
BRF:0
BRH:0
end_of_record
TN:
SF:src/middleware/error.middleware.ts
FN:7,errorMiddleware
FNF:1
FNH:0
FNDA:0,errorMiddleware
DA:2,1
DA:4,1
DA:13,0
DA:14,0
DA:18,0
DA:19,0
DA:21,0
DA:24,1
LF:8
LH:3
BRDA:13,0,0,0
BRDA:13,0,1,0
BRDA:14,1,0,0
BRDA:14,1,1,0
BRDA:18,2,0,0
BRDA:18,2,1,0
BRF:6
BRH:0
end_of_record
TN:
SF:src/middleware/not-found.middleware.ts
FN:5,notFoundMiddleware
FNF:1
FNH:0
FNDA:0,notFoundMiddleware
DA:2,1
DA:3,1
DA:10,0
DA:18,1
LF:4
LH:3
BRF:0
BRH:0
end_of_record
TN:
SF:src/middleware/welcome.middleware.ts
FN:5,welcomeMessage
FNF:1
FNH:1
FNDA:1,welcomeMessage
DA:1,1
DA:3,1
DA:6,1
DA:9,1
LF:4
LH:4
BRF:0
BRH:0
end_of_record
TN:
SF:src/module/dummy/controller/dummy.controller.ts
FN:7,(anonymous_8)
FN:8,(anonymous_9)
FN:12,(anonymous_10)
FNF:3
FNH:1
FNDA:1,(anonymous_8)
FNDA:0,(anonymous_9)
FNDA:0,(anonymous_10)
DA:2,1
DA:3,1
DA:4,1
DA:5,1
DA:8,1
DA:12,0
DA:13,0
DA:14,0
DA:15,0
DA:16,0
DA:18,0
DA:20,0
DA:24,1
LF:13
LH:6
BRDA:15,0,0,0
BRDA:15,0,1,0
BRF:2
BRH:0
end_of_record
TN:
SF:src/module/dummy/model/dummy.model.ts
FNF:0
FNH:0
DA:1,2
DA:4,2
DA:11,2
LF:3
LH:3
BRF:0
BRH:0
end_of_record
TN:
SF:src/module/dummy/route/dummy.route.ts
FN:6,(anonymous_1)
FN:9,(anonymous_2)
FNF:2
FNH:2
FNDA:1,(anonymous_1)
FNDA:1,(anonymous_2)
DA:2,1
DA:3,1
DA:4,1
DA:7,1
DA:9,1
DA:10,1
DA:18,1
LF:7
LH:7
BRF:0
BRH:0
end_of_record
TN:
SF:src/module/dummy/service/dummy.service.ts
FN:4,(anonymous_8)
FNF:1
FNH:0
FNDA:0,(anonymous_8)
DA:1,1
DA:5,0
DA:6,0
DA:8,0
DA:12,1
LF:5
LH:2
BRF:0
BRH:0
end_of_record
TN:
SF:src/module/dummy/url/dummy.url.ts
FNF:0
FNH:0
DA:1,1
DA:3,1
LF:2
LH:2
BRF:0
BRH:0
end_of_record
TN:
SF:src/module/dummy/validation/dummy.validation.ts
FN:6,(anonymous_8)
FNF:1
FNH:0
FNDA:0,(anonymous_8)
DA:2,1
DA:3,1
DA:5,1
DA:11,0
DA:14,0
DA:17,1
LF:6
LH:4
BRF:0
BRH:0
end_of_record
TN:
SF:src/utils/constants.ts
FN:4,(anonymous_1)
FNF:1
FNH:1
FNDA:1,(anonymous_1)
DA:1,1
DA:3,1
DA:5,1
DA:10,1
LF:4
LH:4
BRF:0
BRH:0
end_of_record
TN:
SF:src/utils/http-exception.ts
FN:6,(anonymous_0)
FNF:1
FNH:0
FNDA:0,(anonymous_0)
DA:7,0
DA:8,0
DA:9,0
DA:13,1
LF:4
LH:1
BRF:0
BRH:0
end_of_record
TN:
SF:src/utils/response-handler.ts
FN:6,(anonymous_0)
FN:15,(anonymous_1)
FN:24,(anonymous_2)
FN:33,(anonymous_3)
FN:39,(anonymous_4)
FN:48,(anonymous_5)
FN:54,(anonymous_6)
FNF:7
FNH:1
FNDA:0,(anonymous_0)
FNDA:0,(anonymous_1)
FNDA:1,(anonymous_2)
FNDA:0,(anonymous_3)
FNDA:0,(anonymous_4)
FNDA:0,(anonymous_5)
FNDA:0,(anonymous_6)
DA:3,1
DA:12,0
DA:21,0
DA:30,1
DA:34,0
DA:45,0
DA:49,0
DA:55,0
DA:61,1
LF:9
LH:3
BRDA:27,0,0,0
BRDA:33,1,0,0
BRF:2
BRH:0
end_of_record
TN:
SF:src/utils/setup-db.ts
FN:4,(anonymous_8)
FN:5,(anonymous_9)
FN:8,(anonymous_10)
FN:11,(anonymous_11)
FN:16,(anonymous_12)
FN:16,(anonymous_13)
FN:18,(anonymous_14)
FN:23,(anonymous_15)
FN:23,(anonymous_16)
FN:25,(anonymous_17)
FN:30,(anonymous_18)
FN:30,(anonymous_19)
FNF:12
FNH:11
FNDA:1,(anonymous_8)
FNDA:1,(anonymous_9)
FNDA:1,(anonymous_10)
FNDA:0,(anonymous_11)
FNDA:1,(anonymous_12)
FNDA:1,(anonymous_13)
FNDA:1,(anonymous_14)
FNDA:1,(anonymous_15)
FNDA:1,(anonymous_16)
FNDA:1,(anonymous_17)
FNDA:1,(anonymous_18)
FNDA:1,(anonymous_19)
DA:1,1
DA:2,1
DA:4,1
DA:5,1
DA:6,1
DA:9,1
DA:12,0
DA:13,0
DA:16,1
DA:17,1
DA:18,1
DA:19,1
DA:20,1
DA:23,1
DA:24,1
DA:25,1
DA:26,1
DA:27,1
DA:30,1
DA:31,1
DA:35,1
LF:21
LH:19
BRF:0
BRH:0
end_of_record
TN:
SF:src/utils/url/url.ts
FNF:0
FNH:0
DA:1,1
DA:3,1
LF:2
LH:2
BRF:0
BRH:0
end_of_record
